Searching for songs by Rihanna...

Done. Found 0 songs.
Searching for songs by Rihanna...

Song 1: "Work"
some exception at Rihanna: 0
False
Searching for songs by Face...

Changing artist name to 'FACE'
Done. Found 0 songs.
Searching for songs by Дискотека Авария...

Changing artist name to 'Дискотека Авария (Diskoteka Avaria)'
Done. Found 0 songs.
Searching for songs by Дискотека Авария (Diskoteka Avaria)...

Song 1: "Пей Пиво!"
Song 2: "Малинки (Raspberries)"
Song 3: "Новогодняя (For New Year)"
Song 4: "Фантазёр (Fantazyor)"
Song 5: "Улетела (Flew away)"
Song 6: "Если хочешь остаться (If you want to stay)"
Song 7: "Песня про яйца (Song About Eggs)"
Song 8: "Коуч (Kouch)"
Song 9: "Слова (Words)"
Done. Found 9 songs.
Songs grabbed:9
Searching for songs by Дискотека Авария (Diskoteka Avaria)...

Song 1: "Пей Пиво!"
Song 2: "Малинки (Raspberries)"
Song 3: "Новогодняя (For New Year)"
Song 4: "Фантазёр (Fantazyor)"
Song 5: "Улетела (Flew away)"
Song 6: "Если хочешь остаться (If you want to stay)"
Song 7: "Песня про яйца (Song About Eggs)"
Song 8: "Коуч (Kouch)"
Song 9: "Слова (Words)"
Done. Found 9 songs.
Songs grabbed:9
Searching for songs by Электрофорез...

Changing artist name to 'Электрофорез (Electroforez)'
Done. Found 0 songs.
Searching for songs by Электрофорез (Electroforez)...

Song 1: "Quo Vadis?"
Song 2: "Зло (Evil)"
Song 3: "Русская принцесса (La Princesse Russe)"
Song 4: "Отношения = говно (Relationships = shit)"
Song 5: "Всё было так (Vsyo bylo tak)"
Song 6: "Я ничего не могу с собою сделать (I can’t do anything with myself)"
Song 7: "Мёртв внутри (Dead inside)"
Song 8: "После фильма (After the film)"
Song 9: "Эшафот (Eshafot)"
Song 10: "Друзья [Ты и я] (Friends [You and I])"
Song 11: "Икея (Ikea)"
Song 12: "Грохот сердца (Grokhot serdtsa)"
Song 13: "1905"
Song 14: "Рига-2015 (Riga-2015)"
Song 15: "Иисус (Jesus)"
Song 16: "505 (Легко сойти с ума) (It’s easy to go crazy)"
Song 17: "Паническая атака (Panic attack)"
Song 18: "Сон во сне (Son vo sne)"
Song 19: "HBO"
Song 20: "Алкоголь мой враг"

Reached user-specified song limit (20).
Done. Found 20 songs.
Songs grabbed:20
Searching for songs by Электрофорез (Electroforez)...

Song 1: "Quo Vadis?"
Song 2: "Зло (Evil)"
Song 3: "Русская принцесса (La Princesse Russe)"
Song 4: "Отношения = говно (Relationships = shit)"
Song 5: "Всё было так (Vsyo bylo tak)"
Song 6: "Я ничего не могу с собою сделать (I can’t do anything with myself)"
Song 7: "Мёртв внутри (Dead inside)"
Song 8: "После фильма (After the film)"
Song 9: "Эшафот (Eshafot)"
Song 10: "Друзья [Ты и я] (Friends [You and I])"
Song 11: "Икея (Ikea)"
Song 12: "Грохот сердца (Grokhot serdtsa)"
Song 13: "1905"
Song 14: "Рига-2015 (Riga-2015)"
Song 15: "Иисус (Jesus)"
Song 16: "505 (Легко сойти с ума) (It’s easy to go crazy)"
Song 17: "Паническая атака (Panic attack)"
Song 18: "Сон во сне (Son vo sne)"
Song 19: "HBO"
Song 20: "Алкоголь мой враг"

Reached user-specified song limit (20).
Done. Found 20 songs.
Songs grabbed:20
Searching for songs by Face...

Changing artist name to 'FACE'
Done. Found 0 songs.
Searching for songs by Slava marlov...

Changing artist name to 'SLAVA MARLOW'
Done. Found 0 songs.
Searching for songs by SLAVA MARLOW...

"Cristal & МОЁТ (Remix)" is not valid. Skipping.
Song 1: "По глазам (By the eyes)"
Song 2: "ТЫ ГОРИШЬ КАК ОГОНЬ (YOU BURN LIKE FIRE)"
Song 3: "CAMRY 3.5"
Song 4: "Снова я напиваюсь (I’m getting drunk again)"
Song 5: "КОМУ ЭТО НАДО? (WHO NEEDS IT?)"
"Нет Проблем (No Problems) [Remix]" is not valid. Skipping.
Song 6: "No Problem"
Song 7: "Ты Дура, Прости (You’re A Silly Girl, I’m Sorry)"
Song 8: "НЕТ ПРОБЛЕМ (NO PROBLEMS)"
"Ты далеко (Treemaine Remix)" is not valid. Skipping.
Song 9: "Человек (Human)"
Song 10: "Гена Горин (Gena Gorin)"
"КАДИЛЛАК ТУРБО РЕМИКС (CADILLAC REMIX)" is not valid. Skipping.
Song 11: "Я ленивый (I am lazy)*"
"Артём (Artyom) [Skit]" is not valid. Skipping.
"СКИТ ОТ СЛАВЫ (SKIT FROM SLAVA)" is not valid. Skipping.
"Снова я напиваюсь (Remix)" is not valid. Skipping.
Song 12: "ЛОХМАТЫЙ (SHAGGY)*"
Song 13: "Отправьте это Моргенштерну (Send it to Morgenstern)"
"Как дела (How are you) [Remix]" is not valid. Skipping.
Song 14: "ХОТЕЛ ТЕБЕ СКАЗАТЬ... (I WANTED TO TELL YOU...)"
Song 15: "Сумасшедший (Crazy)"
Song 16: "5 минут (5 minutes)"
Song 17: "Любовь (Love)*"
Song 18: "Красива (Beautiful)*"
Song 19: "ТЫ КЛЁВАЯ (YOU’RE COOL)*"
Song 20: "Я всё это забуду (I will forget it all)*"

Reached user-specified song limit (20).
Done. Found 20 songs.
Songs grabbed:20
Searching for songs by SLAVA MARLOW...

"Cristal & МОЁТ (Remix)" is not valid. Skipping.
Song 1: "По глазам (By the eyes)"
Song 2: "ТЫ ГОРИШЬ КАК ОГОНЬ (YOU BURN LIKE FIRE)"
Song 3: "CAMRY 3.5"
Song 4: "Снова я напиваюсь (I’m getting drunk again)"
Song 5: "КОМУ ЭТО НАДО? (WHO NEEDS IT?)"
"Нет Проблем (No Problems) [Remix]" is not valid. Skipping.
Song 6: "No Problem"
Song 7: "Ты Дура, Прости (You’re A Silly Girl, I’m Sorry)"
Song 8: "НЕТ ПРОБЛЕМ (NO PROBLEMS)"
"Ты далеко (Treemaine Remix)" is not valid. Skipping.
Song 9: "Человек (Human)"
Song 10: "Гена Горин (Gena Gorin)"
"КАДИЛЛАК ТУРБО РЕМИКС (CADILLAC REMIX)" is not valid. Skipping.
Song 11: "Я ленивый (I am lazy)*"
"Артём (Artyom) [Skit]" is not valid. Skipping.
"СКИТ ОТ СЛАВЫ (SKIT FROM SLAVA)" is not valid. Skipping.
"Снова я напиваюсь (Remix)" is not valid. Skipping.
Song 12: "ЛОХМАТЫЙ (SHAGGY)*"
Song 13: "Отправьте это Моргенштерну (Send it to Morgenstern)"
"Как дела (How are you) [Remix]" is not valid. Skipping.
Song 14: "ХОТЕЛ ТЕБЕ СКАЗАТЬ... (I WANTED TO TELL YOU...)"
Song 15: "Сумасшедший (Crazy)"
Song 16: "5 минут (5 minutes)"
Song 17: "Любовь (Love)*"
Song 18: "Красива (Beautiful)*"
Song 19: "ТЫ КЛЁВАЯ (YOU’RE COOL)*"
Song 20: "Я всё это забуду (I will forget it all)*"

Reached user-specified song limit (20).
Done. Found 20 songs.
Songs grabbed:20
Searching for songs by Клава Кока...

Changing artist name to 'Клава Кока (KIava Koka) & MORGENSHTERN'
Done. Found 0 songs.
Searching for songs by Клава Кока (KIava Koka) & MORGENSHTERN...

Song 1: "Мне пох (Mne Poh)"
"Мне пох (Mne Poh) (DJ Noiz Remix)" is not valid. Skipping.
Song 2: "Мне пох (Mne Poh) [Acoustic Version]"
Done. Found 2 songs.
Songs grabbed:2
Searching for songs by Клава Кока (KIava Koka) & MORGENSHTERN...

Song 1: "Мне пох (Mne Poh)"
"Мне пох (Mne Poh) (DJ Noiz Remix)" is not valid. Skipping.
Song 2: "Мне пох (Mne Poh) [Acoustic Version]"
Done. Found 2 songs.
Songs grabbed:2
Searching for songs by Morgenshtern...

Changing artist name to 'MORGENSHTERN'
Done. Found 0 songs.
Searching for songs by Soda luv...

Changing artist name to 'SODA LUV'
Done. Found 0 songs.
Searching for songs by Звери...

Changing artist name to 'Звери (Zveri)'
Done. Found 0 songs.
Searching for songs by Тимати...

Changing artist name to 'Тимати (Timati)'
Done. Found 0 songs.
Searching for songs by Ленинград...

Changing artist name to 'Ленинград (Leningrad)'
Done. Found 0 songs.
Searching for songs by Алла пугачева...

